<?xml version="1.0" encoding="UTF-8"?>
<!-- Generated by org.testng.reporters.JUnitReportReporter -->
<testsuite skipped="0" hostname="DESKTOP-JGV52QR" name="PHPTravels_Test" tests="1" failures="0" timestamp="12 Mar 2020 03:28:30 GMT" time="5.895" errors="0">
  <testcase name="test1" time="5.895" classname="PHPTravels_Test"/>
</testsuite> <!-- PHPTravels_Test -->
